<?xml version="1.0" encoding="UTF-8"?>
<!-- Generated by org.testng.reporters.JUnitXMLReporter -->
<testsuite ignored="2" hostname="Legion5Pro" failures="0" tests="1" name="Default test-0" time="204.219" errors="0" timestamp="2023-12-12T22:33:21 EST">
  <testcase classname="com.browserstack.BStackDemoTest" name="accountCreation" time="15.065"/>
  <testcase classname="com.browserstack.BStackDemoTest" name="loginWithValidCredential" time="0.0">
    <ignored/>
  </testcase> <!-- loginWithValidCredential -->
  <testcase classname="com.browserstack.BStackDemoTest" name="loginWithInvalidCredentials" time="0.0">
    <ignored/>
  </testcase> <!-- loginWithInvalidCredentials -->
</testsuite> <!-- Default test-0 -->
