<?xml version="1.0" encoding="UTF-8"?>
<!-- Generated by org.testng.reporters.JUnitXMLReporter -->
<testsuite ignored="3" hostname="Legion5Pro" failures="0" tests="1" name="Default test-0" time="15.862" errors="0" timestamp="2023-12-19T01:03:56 EST">
  <testcase classname="com.browserstack.BStackDemoTest" name="loginTestWithPom" time="5.039"/>
  <testcase classname="com.browserstack.BStackDemoTest" name="loginWithValidCredential" time="0.0">
    <ignored/>
  </testcase> <!-- loginWithValidCredential -->
  <testcase classname="com.browserstack.BStackDemoTest" name="accountCreation" time="0.0">
    <ignored/>
  </testcase> <!-- accountCreation -->
  <testcase classname="com.browserstack.BStackDemoTest" name="loginWithInvalidCredentials" time="0.0">
    <ignored/>
  </testcase> <!-- loginWithInvalidCredentials -->
</testsuite> <!-- Default test-0 -->
